NVIDIA H100 NVL MIG 3g.47gb

=========================================
  FINAL RANDOM SECTION REPLACEMENT RESULTS
=========================================
Model:          result/distilbert_all_with_conceptnet_546578/final_best_model/sarcasm_gnn_model_tuned_distilbert_2026-04-07_01-30-37.pt
Input:          data/Preprocessed_Article_Section_Description.json
Section Counts: data/article_section_counts/preprocessed_article_section_counts_by_source.csv
Seed:           42
Model Type:     distilbert
Use ConceptNet: True
Text Format:    all
Loss:           0.1762
Accuracy:       0.9751
Precision:      0.9856
Recall:         0.9689
F1-Score:       0.9772
=========================================


=========================================
  FINAL RANDOM SECTION REPLACEMENT RESULTS
=========================================
Model:          result/distilbert_all_without_conceptnet_546579/final_best_model/sarcasm_gnn_model_tuned_distilbert_2026-04-06_14-45-50.pt
Input:          data/Preprocessed_Article_Section_Description.json
Section Counts: data/article_section_counts/preprocessed_article_section_counts_by_source.csv
Seed:           42
Model Type:     distilbert
Use ConceptNet: False
Text Format:    all
Loss:           0.2158
Accuracy:       0.9744
Precision:      0.9856
Recall:         0.9676
F1-Score:       0.9765
=========================================


=========================================
  FINAL RANDOM SECTION REPLACEMENT RESULTS
=========================================
Model:          result/roberta_all_with_conceptnet_546571/final_best_model/sarcasm_gnn_model_tuned_roberta_2026-04-06_13-01-13.pt
Input:          data/Preprocessed_Article_Section_Description.json
Section Counts: data/article_section_counts/preprocessed_article_section_counts_by_source.csv
Seed:           42
Model Type:     roberta
Use ConceptNet: True
Text Format:    all
Loss:           0.1352
Accuracy:       0.9849
Precision:      0.9883
Recall:         0.9842
F1-Score:       0.9863
=========================================


=========================================
  FINAL RANDOM SECTION REPLACEMENT RESULTS
=========================================
Model:          result/roberta_all_without_conceptnet_546572/final_best_model/sarcasm_gnn_model_tuned_roberta_2026-04-06_08-45-18.pt
Input:          data/Preprocessed_Article_Section_Description.json
Section Counts: data/article_section_counts/preprocessed_article_section_counts_by_source.csv
Seed:           42
Model Type:     roberta
Use ConceptNet: False
Text Format:    all
Loss:           0.1468
Accuracy:       0.9842
Precision:      0.9887
Recall:         0.9826
F1-Score:       0.9856
=========================================

